[debug] [2025-06-17T14:04:11.997Z] ----------------------------------------------------------------------
[debug] [2025-06-17T14:04:12.000Z] Command:       C:\Program Files\nodejs\node.exe C:\Program Files\nodejs\node_modules\firebase-tools\lib\bin\firebase.js deploy
[debug] [2025-06-17T14:04:12.000Z] CLI Version:   14.6.0
[debug] [2025-06-17T14:04:12.001Z] Platform:      win32
[debug] [2025-06-17T14:04:12.001Z] Node Version:  v20.0.0
[debug] [2025-06-17T14:04:12.001Z] Time:          Tue Jun 17 2025 19:34:12 GMT+0530 (India Standard Time)
[debug] [2025-06-17T14:04:12.001Z] ----------------------------------------------------------------------
[debug] 
[debug] [2025-06-17T14:04:12.003Z] >>> [apiv2][query] GET https://firebase-public.firebaseio.com/cli.json [none]
[debug] [2025-06-17T14:04:12.220Z] > command requires scopes: ["email","openid","https://www.googleapis.com/auth/cloudplatformprojects.readonly","https://www.googleapis.com/auth/firebase","https://www.googleapis.com/auth/cloud-platform"]
[debug] [2025-06-17T14:04:12.220Z] > authorizing via signed-in user (vishnu.dn@dataknobs.com)
[debug] [2025-06-17T14:04:12.220Z] [iam] checking project dataknobs-test for permissions ["firebase.projects.get","firebasehosting.sites.update"]
[debug] [2025-06-17T14:04:12.221Z] Checked if tokens are valid: false, expires at: 1750159024640
[debug] [2025-06-17T14:04:12.221Z] Checked if tokens are valid: false, expires at: 1750159024640
[debug] [2025-06-17T14:04:12.221Z] > refreshing access token with scopes: []
[debug] [2025-06-17T14:04:12.222Z] >>> [apiv2][query] POST https://www.googleapis.com/oauth2/v3/token [none]
[debug] [2025-06-17T14:04:12.222Z] >>> [apiv2][body] POST https://www.googleapis.com/oauth2/v3/token [omitted]
[debug] [2025-06-17T14:04:12.926Z] <<< [apiv2][status] POST https://www.googleapis.com/oauth2/v3/token 200
[debug] [2025-06-17T14:04:12.926Z] <<< [apiv2][body] POST https://www.googleapis.com/oauth2/v3/token [omitted]
[debug] [2025-06-17T14:04:12.954Z] >>> [apiv2][query] POST https://cloudresourcemanager.googleapis.com/v1/projects/dataknobs-test:testIamPermissions [none]
[debug] [2025-06-17T14:04:12.954Z] >>> [apiv2][(partial)header] POST https://cloudresourcemanager.googleapis.com/v1/projects/dataknobs-test:testIamPermissions x-goog-quota-user=projects/dataknobs-test
[debug] [2025-06-17T14:04:12.954Z] >>> [apiv2][body] POST https://cloudresourcemanager.googleapis.com/v1/projects/dataknobs-test:testIamPermissions {"permissions":["firebase.projects.get","firebasehosting.sites.update"]}
[debug] [2025-06-17T14:04:13.193Z] <<< [apiv2][status] GET https://firebase-public.firebaseio.com/cli.json 200
[debug] [2025-06-17T14:04:13.193Z] <<< [apiv2][body] GET https://firebase-public.firebaseio.com/cli.json {"cloudBuildErrorAfter":1594252800000,"cloudBuildWarnAfter":1590019200000,"defaultNode10After":1594252800000,"minVersion":"3.0.5","node8DeploysDisabledAfter":1613390400000,"node8RuntimeDisabledAfter":1615809600000,"node8WarnAfter":1600128000000}
[debug] [2025-06-17T14:04:14.737Z] <<< [apiv2][status] POST https://cloudresourcemanager.googleapis.com/v1/projects/dataknobs-test:testIamPermissions 200
[debug] [2025-06-17T14:04:14.737Z] <<< [apiv2][body] POST https://cloudresourcemanager.googleapis.com/v1/projects/dataknobs-test:testIamPermissions {"permissions":["firebase.projects.get","firebasehosting.sites.update"]}
[debug] [2025-06-17T14:04:14.738Z] Checked if tokens are valid: true, expires at: 1750172651927
[debug] [2025-06-17T14:04:14.738Z] Checked if tokens are valid: true, expires at: 1750172651927
[debug] [2025-06-17T14:04:14.738Z] >>> [apiv2][query] GET https://firebase.googleapis.com/v1beta1/projects/dataknobs-test [none]
[debug] [2025-06-17T14:04:15.380Z] <<< [apiv2][status] GET https://firebase.googleapis.com/v1beta1/projects/dataknobs-test 200
[debug] [2025-06-17T14:04:15.380Z] <<< [apiv2][body] GET https://firebase.googleapis.com/v1beta1/projects/dataknobs-test {"projectId":"dataknobs-test","projectNumber":"230317394473","displayName":"Dataknobs-Test","name":"projects/dataknobs-test","resources":{"hostingSite":"dataknobs-test"},"state":"ACTIVE","etag":"1_0eaa55a2-dc6c-4522-98e5-57041e8550d2"}
[debug] [2025-06-17T14:04:21.539Z] Checked if tokens are valid: true, expires at: 1750172651927
[debug] [2025-06-17T14:04:21.539Z] Checked if tokens are valid: true, expires at: 1750172651927
[debug] [2025-06-17T14:04:21.541Z] >>> [apiv2][query] GET https://firebasehosting.googleapis.com/v1beta1/projects/dataknobs-test/sites pageToken=&pageSize=10
[debug] [2025-06-17T14:04:23.260Z] <<< [apiv2][status] GET https://firebasehosting.googleapis.com/v1beta1/projects/dataknobs-test/sites 200
[debug] [2025-06-17T14:04:23.260Z] <<< [apiv2][body] GET https://firebasehosting.googleapis.com/v1beta1/projects/dataknobs-test/sites {"sites":[{"name":"projects/dataknobs-test/sites/apartments-dev","defaultUrl":"https://apartments-dev.web.app","type":"USER_SITE"},{"name":"projects/dataknobs-test/sites/bot-001","defaultUrl":"https://bot-001.web.app","type":"USER_SITE"},{"name":"projects/dataknobs-test/sites/bot-002-a","defaultUrl":"https://bot-002-a.web.app","type":"USER_SITE"},{"name":"projects/dataknobs-test/sites/bot-003-a","defaultUrl":"https://bot-003-a.web.app","type":"USER_SITE"},{"name":"projects/dataknobs-test/sites/bot-004","defaultUrl":"https://bot-004.web.app","type":"USER_SITE"},{"name":"projects/dataknobs-test/sites/bot-005","defaultUrl":"https://bot-005.web.app","type":"USER_SITE"},{"name":"projects/dataknobs-test/sites/bot-006","defaultUrl":"https://bot-006.web.app","type":"USER_SITE"},{"name":"projects/dataknobs-test/sites/bot-007","defaultUrl":"https://bot-007.web.app","type":"USER_SITE"},{"name":"projects/dataknobs-test/sites/bot-008","defaultUrl":"https://bot-008.web.app","type":"USER_SITE"},{"name":"projects/dataknobs-test/sites/bot-009","defaultUrl":"https://bot-009.web.app","type":"USER_SITE"}],"nextPageToken":"CKmU8v_ZBhIHYm90LTAwOQ"}
[debug] [2025-06-17T14:04:23.260Z] Checked if tokens are valid: true, expires at: 1750172651927
[debug] [2025-06-17T14:04:23.260Z] Checked if tokens are valid: true, expires at: 1750172651927
[debug] [2025-06-17T14:04:23.260Z] >>> [apiv2][query] GET https://firebasehosting.googleapis.com/v1beta1/projects/dataknobs-test/sites pageToken=CKmU8v_ZBhIHYm90LTAwOQ&pageSize=10
[debug] [2025-06-17T14:04:24.052Z] <<< [apiv2][status] GET https://firebasehosting.googleapis.com/v1beta1/projects/dataknobs-test/sites 200
[debug] [2025-06-17T14:04:24.053Z] <<< [apiv2][body] GET https://firebasehosting.googleapis.com/v1beta1/projects/dataknobs-test/sites {"sites":[{"name":"projects/dataknobs-test/sites/bot-010","defaultUrl":"https://bot-010.web.app","type":"USER_SITE"},{"name":"projects/dataknobs-test/sites/bot-011-a","defaultUrl":"https://bot-011-a.web.app","type":"USER_SITE"},{"name":"projects/dataknobs-test/sites/bot-012","defaultUrl":"https://bot-012.web.app","type":"USER_SITE"},{"name":"projects/dataknobs-test/sites/bot-013","defaultUrl":"https://bot-013.web.app","type":"USER_SITE"},{"name":"projects/dataknobs-test/sites/bot-014","defaultUrl":"https://bot-014.web.app","type":"USER_SITE"},{"name":"projects/dataknobs-test/sites/bot-015","defaultUrl":"https://bot-015.web.app","type":"USER_SITE"},{"name":"projects/dataknobs-test/sites/bot-016","defaultUrl":"https://bot-016.web.app","type":"USER_SITE"},{"name":"projects/dataknobs-test/sites/company-setup","defaultUrl":"https://company-setup.web.app","type":"USER_SITE"},{"name":"projects/dataknobs-test/sites/dataknobs-test","defaultUrl":"https://dataknobs-test.web.app","type":"DEFAULT_SITE"},{"name":"projects/dataknobs-test/sites/dietitian-bot","defaultUrl":"https://dietitian-bot.web.app","type":"USER_SITE"}],"nextPageToken":"CKmU8v_ZBhINZGlldGl0aWFuLWJvdA"}
[debug] [2025-06-17T14:04:24.053Z] Checked if tokens are valid: true, expires at: 1750172651927
[debug] [2025-06-17T14:04:24.053Z] Checked if tokens are valid: true, expires at: 1750172651927
[debug] [2025-06-17T14:04:24.053Z] >>> [apiv2][query] GET https://firebasehosting.googleapis.com/v1beta1/projects/dataknobs-test/sites pageToken=CKmU8v_ZBhINZGlldGl0aWFuLWJvdA&pageSize=10
[debug] [2025-06-17T14:04:24.705Z] <<< [apiv2][status] GET https://firebasehosting.googleapis.com/v1beta1/projects/dataknobs-test/sites 200
[debug] [2025-06-17T14:04:24.705Z] <<< [apiv2][body] GET https://firebasehosting.googleapis.com/v1beta1/projects/dataknobs-test/sites {"sites":[{"name":"projects/dataknobs-test/sites/dietitian-next","defaultUrl":"https://dietitian-next.web.app","type":"USER_SITE"},{"name":"projects/dataknobs-test/sites/earnings-call-admin","defaultUrl":"https://earnings-call-admin.web.app","type":"USER_SITE"},{"name":"projects/dataknobs-test/sites/earnings-call-transcript","defaultUrl":"https://earnings-call-transcript.web.app","type":"USER_SITE"},{"name":"projects/dataknobs-test/sites/homeopathy-website","defaultUrl":"https://homeopathy-website.web.app","type":"USER_SITE"},{"name":"projects/dataknobs-test/sites/househunt","defaultUrl":"https://househunt.web.app","type":"USER_SITE"},{"name":"projects/dataknobs-test/sites/kreate-products","defaultUrl":"https://kreate-products.web.app","type":"USER_SITE"},{"name":"projects/dataknobs-test/sites/kreatebots-dev","defaultUrl":"https://kreatebots-dev.web.app","type":"USER_SITE"},{"name":"projects/dataknobs-test/sites/kreatewebsite","defaultUrl":"https://kreatewebsite.web.app","type":"USER_SITE"},{"name":"projects/dataknobs-test/sites/kreatewebsites-dev","defaultUrl":"https://kreatewebsites-dev.web.app","type":"USER_SITE"},{"name":"projects/dataknobs-test/sites/portfolio-planner-bot","defaultUrl":"https://portfolio-planner-bot.web.app","type":"USER_SITE"}],"nextPageToken":"CKmU8v_ZBhIVcG9ydGZvbGlvLXBsYW5uZXItYm90"}
[debug] [2025-06-17T14:04:24.705Z] Checked if tokens are valid: true, expires at: 1750172651927
[debug] [2025-06-17T14:04:24.705Z] Checked if tokens are valid: true, expires at: 1750172651927
[debug] [2025-06-17T14:04:24.705Z] >>> [apiv2][query] GET https://firebasehosting.googleapis.com/v1beta1/projects/dataknobs-test/sites pageToken=CKmU8v_ZBhIVcG9ydGZvbGlvLXBsYW5uZXItYm90&pageSize=10
[debug] [2025-06-17T14:04:25.441Z] <<< [apiv2][status] GET https://firebasehosting.googleapis.com/v1beta1/projects/dataknobs-test/sites 200
[debug] [2025-06-17T14:04:25.442Z] <<< [apiv2][body] GET https://firebasehosting.googleapis.com/v1beta1/projects/dataknobs-test/sites {"sites":[{"name":"projects/dataknobs-test/sites/protax","defaultUrl":"https://protax.web.app","type":"USER_SITE"},{"name":"projects/dataknobs-test/sites/real-estate-sell","defaultUrl":"https://real-estate-sell.web.app","type":"USER_SITE"},{"name":"projects/dataknobs-test/sites/stocks-admin-dev","defaultUrl":"https://stocks-admin-dev.web.app","type":"USER_SITE"},{"name":"projects/dataknobs-test/sites/stocks-assistant-dev","defaultUrl":"https://stocks-assistant-dev.web.app","type":"USER_SITE"},{"name":"projects/dataknobs-test/sites/stocks-assistant-prod","defaultUrl":"https://stocks-assistant-prod.web.app","type":"USER_SITE"},{"name":"projects/dataknobs-test/sites/tax-website","defaultUrl":"https://tax-website.web.app","type":"USER_SITE"}]}
[debug] [2025-06-17T14:04:25.442Z] Checked if tokens are valid: true, expires at: 1750172651927
[debug] [2025-06-17T14:04:25.442Z] Checked if tokens are valid: true, expires at: 1750172651927
[debug] [2025-06-17T14:04:25.442Z] >>> [apiv2][query] GET https://firebasehosting.googleapis.com/v1beta1/projects/dataknobs-test/sites 
[debug] [2025-06-17T14:04:26.032Z] <<< [apiv2][status] GET https://firebasehosting.googleapis.com/v1beta1/projects/dataknobs-test/sites 200
[debug] [2025-06-17T14:04:26.033Z] <<< [apiv2][body] GET https://firebasehosting.googleapis.com/v1beta1/projects/dataknobs-test/sites {"sites":[{"name":"projects/dataknobs-test/sites/apartments-dev","defaultUrl":"https://apartments-dev.web.app","type":"USER_SITE"},{"name":"projects/dataknobs-test/sites/bot-001","defaultUrl":"https://bot-001.web.app","type":"USER_SITE"},{"name":"projects/dataknobs-test/sites/bot-002-a","defaultUrl":"https://bot-002-a.web.app","type":"USER_SITE"},{"name":"projects/dataknobs-test/sites/bot-003-a","defaultUrl":"https://bot-003-a.web.app","type":"USER_SITE"},{"name":"projects/dataknobs-test/sites/bot-004","defaultUrl":"https://bot-004.web.app","type":"USER_SITE"},{"name":"projects/dataknobs-test/sites/bot-005","defaultUrl":"https://bot-005.web.app","type":"USER_SITE"},{"name":"projects/dataknobs-test/sites/bot-006","defaultUrl":"https://bot-006.web.app","type":"USER_SITE"},{"name":"projects/dataknobs-test/sites/bot-007","defaultUrl":"https://bot-007.web.app","type":"USER_SITE"},{"name":"projects/dataknobs-test/sites/bot-008","defaultUrl":"https://bot-008.web.app","type":"USER_SITE"},{"name":"projects/dataknobs-test/sites/bot-009","defaultUrl":"https://bot-009.web.app","type":"USER_SITE"},{"name":"projects/dataknobs-test/sites/bot-010","defaultUrl":"https://bot-010.web.app","type":"USER_SITE"},{"name":"projects/dataknobs-test/sites/bot-011-a","defaultUrl":"https://bot-011-a.web.app","type":"USER_SITE"},{"name":"projects/dataknobs-test/sites/bot-012","defaultUrl":"https://bot-012.web.app","type":"USER_SITE"},{"name":"projects/dataknobs-test/sites/bot-013","defaultUrl":"https://bot-013.web.app","type":"USER_SITE"},{"name":"projects/dataknobs-test/sites/bot-014","defaultUrl":"https://bot-014.web.app","type":"USER_SITE"},{"name":"projects/dataknobs-test/sites/bot-015","defaultUrl":"https://bot-015.web.app","type":"USER_SITE"},{"name":"projects/dataknobs-test/sites/bot-016","defaultUrl":"https://bot-016.web.app","type":"USER_SITE"},{"name":"projects/dataknobs-test/sites/company-setup","defaultUrl":"https://company-setup.web.app","type":"USER_SITE"},{"name":"projects/dataknobs-test/sites/dataknobs-test","defaultUrl":"https://dataknobs-test.web.app","type":"DEFAULT_SITE"},{"name":"projects/dataknobs-test/sites/dietitian-bot","defaultUrl":"https://dietitian-bot.web.app","type":"USER_SITE"},{"name":"projects/dataknobs-test/sites/dietitian-next","defaultUrl":"https://dietitian-next.web.app","type":"USER_SITE"},{"name":"projects/dataknobs-test/sites/earnings-call-admin","defaultUrl":"https://earnings-call-admin.web.app","type":"USER_SITE"},{"name":"projects/dataknobs-test/sites/earnings-call-transcript","defaultUrl":"https://earnings-call-transcript.web.app","type":"USER_SITE"},{"name":"projects/dataknobs-test/sites/homeopathy-website","defaultUrl":"https://homeopathy-website.web.app","type":"USER_SITE"},{"name":"projects/dataknobs-test/sites/househunt","defaultUrl":"https://househunt.web.app","type":"USER_SITE"},{"name":"projects/dataknobs-test/sites/kreate-products","defaultUrl":"https://kreate-products.web.app","type":"USER_SITE"},{"name":"projects/dataknobs-test/sites/kreatebots-dev","defaultUrl":"https://kreatebots-dev.web.app","type":"USER_SITE"},{"name":"projects/dataknobs-test/sites/kreatewebsite","defaultUrl":"https://kreatewebsite.web.app","type":"USER_SITE"},{"name":"projects/dataknobs-test/sites/kreatewebsites-dev","defaultUrl":"https://kreatewebsites-dev.web.app","type":"USER_SITE"},{"name":"projects/dataknobs-test/sites/portfolio-planner-bot","defaultUrl":"https://portfolio-planner-bot.web.app","type":"USER_SITE"},{"name":"projects/dataknobs-test/sites/protax","defaultUrl":"https://protax.web.app","type":"USER_SITE"},{"name":"projects/dataknobs-test/sites/real-estate-sell","defaultUrl":"https://real-estate-sell.web.app","type":"USER_SITE"},{"name":"projects/dataknobs-test/sites/stocks-admin-dev","defaultUrl":"https://stocks-admin-dev.web.app","type":"USER_SITE"},{"name":"projects/dataknobs-test/sites/stocks-assistant-dev","defaultUrl":"https://stocks-assistant-dev.web.app","type":"USER_SITE"},{"name":"projects/dataknobs-test/sites/stocks-assistant-prod","defaultUrl":"https://stocks-assistant-prod.web.app","type":"USER_SITE"},{"name":"projects/dataknobs-test/sites/tax-website","defaultUrl":"https://tax-website.web.app","type":"USER_SITE"}]}
[debug] [2025-06-17T14:04:26.033Z] Checked if tokens are valid: true, expires at: 1750172651927
[debug] [2025-06-17T14:04:26.033Z] Checked if tokens are valid: true, expires at: 1750172651927
[debug] [2025-06-17T14:04:26.033Z] >>> [apiv2][query] GET https://firebase.googleapis.com/v1beta1/projects/dataknobs-test/webApps/-/config [none]
[debug] [2025-06-17T14:04:27.758Z] <<< [apiv2][status] GET https://firebase.googleapis.com/v1beta1/projects/dataknobs-test/webApps/-/config 200
[debug] [2025-06-17T14:04:27.758Z] <<< [apiv2][body] GET https://firebase.googleapis.com/v1beta1/projects/dataknobs-test/webApps/-/config {"projectId":"dataknobs-test","storageBucket":"dataknobs-test.firebasestorage.app","apiKey":"AIzaSyCo2lCyMtVHVikIflkEi5Hrfr24wjA-CQc","authDomain":"dataknobs-test.firebaseapp.com","messagingSenderId":"230317394473"}
[info] 
   Thank you for trying our early preview of Next.js support on Firebase Hosting.
   During the preview, support is best-effort and breaking changes can be expected. Proceed with caution.

   Documentation: https://firebase.google.com/docs/hosting/frameworks/nextjs
   File a bug: https://github.com/firebase/firebase-tools/issues/new?template=bug_report.md
   Submit a feature request: https://github.com/firebase/firebase-tools/issues/new?template=feature_request.md

   We'd love to learn from you. Express your interest in helping us shape the future of Firebase Hosting: https://goo.gle/41enW5X

[debug] [2025-06-17T14:04:36.352Z] Checked if tokens are valid: true, expires at: 1750172651927
[debug] [2025-06-17T14:04:36.352Z] Checked if tokens are valid: true, expires at: 1750172651927
[debug] [2025-06-17T14:04:36.352Z] >>> [apiv2][query] GET https://firebasehosting.googleapis.com/v1beta1/projects/dataknobs-test/sites/dataknobs-test [none]
[debug] [2025-06-17T14:04:37.683Z] <<< [apiv2][status] GET https://firebasehosting.googleapis.com/v1beta1/projects/dataknobs-test/sites/dataknobs-test 200
[debug] [2025-06-17T14:04:37.684Z] <<< [apiv2][body] GET https://firebasehosting.googleapis.com/v1beta1/projects/dataknobs-test/sites/dataknobs-test {"name":"projects/dataknobs-test/sites/dataknobs-test","defaultUrl":"https://dataknobs-test.web.app","type":"DEFAULT_SITE"}
[info]    ▲ Next.js 15.0.4

[info]    - Environments: .env


[info]    Creating an optimized production build ...

[info]  ✓ Compiled successfully

[info]    Linting and checking validity of types ...

[info]    Collecting page data ...

[info]    Generating static pages (0/2) ...

[info]  ✓ Generating static pages (2/2)

[info]    Finalizing page optimization ...

[info]    Collecting build traces ...

[info] 

[info] Route (app)                              Size     First Load JS
┌ ƒ /                                    10.7 kB         328 kB
├ ƒ /_not-found                          896 B           101 kB
├ ƒ /chat                                73.3 kB         419 kB
├ ƒ /profile                             1.06 kB         347 kB
└ ƒ /signup                              2.52 kB         276 kB
+ First Load JS shared by all            99.9 kB
  ├ chunks/4bd1b696-ecf031dede62f465.js  52.5 kB
  ├ chunks/517-b2a4251ac102223e.js       45.5 kB
  └ other shared chunks (total)          1.91 kB


[info] 
ƒ  (Dynamic)  server-rendered on demand


[info] Building a Cloud Function to run this application. This is needed due to:
[info]  • non-static component /_not-found/page
[info]  • non-static component /(auth)/signup/page
[info]  • non-static component /page
[info]  • non-static component /(pages)/profile/page
[info]  • non-static component /(pages)/chat/page
[info] 
[debug] [2025-06-17T14:05:35.860Z] Checked if tokens are valid: true, expires at: 1750172651927
[debug] [2025-06-17T14:05:35.860Z] Checked if tokens are valid: true, expires at: 1750172651927
[debug] [2025-06-17T14:05:35.860Z] >>> [apiv2][query] GET https://firebasehosting.googleapis.com/v1beta1/projects/dataknobs-test/sites/dataknobs-test [none]
[debug] [2025-06-17T14:05:37.107Z] <<< [apiv2][status] GET https://firebasehosting.googleapis.com/v1beta1/projects/dataknobs-test/sites/dataknobs-test 200
[debug] [2025-06-17T14:05:37.107Z] <<< [apiv2][body] GET https://firebasehosting.googleapis.com/v1beta1/projects/dataknobs-test/sites/dataknobs-test {"name":"projects/dataknobs-test/sites/dataknobs-test","defaultUrl":"https://dataknobs-test.web.app","type":"DEFAULT_SITE"}
[debug] [2025-06-17T14:06:13.222Z] [web frameworks] effective firebase.json:  {
  "hosting": [
    {
      "source": ".",
      "site": "dietitian-next",
      "ignore": [
        "firebase.json",
        "**/.*",
        "**/node_modules/**"
      ],
      "frameworksBackend": {
        "region": "us-central1"
      },
      "rewrites": [
        {
          "source": "**",
          "function": {
            "functionId": "ssrdietitiannext",
            "region": "us-central1",
            "pinTag": true
          }
        }
      ],
      "redirects": [],
      "headers": [
        {
          "source": "**/*.[jt]s",
          "headers": [
            {
              "key": "Set-Cookie",
              "value": "__FIREBASE_DEFAULTS__=eyJjb25maWciOnsicHJvamVjdElkIjoiZGF0YWtub2JzLXRlc3QiLCJzdG9yYWdlQnVja2V0IjoiZGF0YWtub2JzLXRlc3QuZmlyZWJhc2VzdG9yYWdlLmFwcCIsImFwaUtleSI6IkFJemFTeUNvMmxDeU10VkhWaWtJZmxrRWk1SHJmcjI0d2pBLUNRYyIsImF1dGhEb21haW4iOiJkYXRha25vYnMtdGVzdC5maXJlYmFzZWFwcC5jb20iLCJtZXNzYWdpbmdTZW5kZXJJZCI6IjIzMDMxNzM5NDQ3MyJ9LCJfYXV0aFRva2VuU3luY1VSTCI6Ii9fX3Nlc3Npb24ifQ; SameSite=Strict; Expires=2027-05-13T00:46:13.222Z; Path=/;"
            }
          ]
        }
      ],
      "cleanUrls": true,
      "trailingSlash": false,
      "public": ".firebase\\dietitian-next\\hosting",
      "webFramework": "next_ssr"
    }
  ],
  "functions": [
    {
      "source": ".firebase\\dietitian-next\\functions",
      "codebase": "firebase-frameworks-dietitian-next"
    }
  ]
}
[debug] [2025-06-17T14:06:13.223Z] > command requires scopes: ["email","openid","https://www.googleapis.com/auth/cloudplatformprojects.readonly","https://www.googleapis.com/auth/firebase","https://www.googleapis.com/auth/cloud-platform"]
[debug] [2025-06-17T14:06:13.223Z] > authorizing via signed-in user (vishnu.dn@dataknobs.com)
[debug] [2025-06-17T14:06:13.223Z] [iam] checking project dataknobs-test for permissions ["cloudfunctions.functions.create","cloudfunctions.functions.delete","cloudfunctions.functions.get","cloudfunctions.functions.list","cloudfunctions.functions.update","cloudfunctions.operations.get","firebase.projects.get"]
[debug] [2025-06-17T14:06:13.223Z] Checked if tokens are valid: true, expires at: 1750172651927
[debug] [2025-06-17T14:06:13.224Z] Checked if tokens are valid: true, expires at: 1750172651927
[debug] [2025-06-17T14:06:13.224Z] >>> [apiv2][query] POST https://cloudresourcemanager.googleapis.com/v1/projects/dataknobs-test:testIamPermissions [none]
[debug] [2025-06-17T14:06:13.224Z] >>> [apiv2][(partial)header] POST https://cloudresourcemanager.googleapis.com/v1/projects/dataknobs-test:testIamPermissions x-goog-quota-user=projects/dataknobs-test
[debug] [2025-06-17T14:06:13.224Z] >>> [apiv2][body] POST https://cloudresourcemanager.googleapis.com/v1/projects/dataknobs-test:testIamPermissions {"permissions":["cloudfunctions.functions.create","cloudfunctions.functions.delete","cloudfunctions.functions.get","cloudfunctions.functions.list","cloudfunctions.functions.update","cloudfunctions.operations.get","firebase.projects.get"]}
[debug] [2025-06-17T14:06:14.928Z] <<< [apiv2][status] POST https://cloudresourcemanager.googleapis.com/v1/projects/dataknobs-test:testIamPermissions 200
[debug] [2025-06-17T14:06:14.928Z] <<< [apiv2][body] POST https://cloudresourcemanager.googleapis.com/v1/projects/dataknobs-test:testIamPermissions {"permissions":["cloudfunctions.functions.create","cloudfunctions.functions.delete","cloudfunctions.functions.get","cloudfunctions.functions.list","cloudfunctions.functions.update","cloudfunctions.operations.get","firebase.projects.get"]}
[info] 
[info] === Deploying to 'dataknobs-test'...
[info] 
[info] i  deploying functions, hosting 
[debug] [2025-06-17T14:06:14.939Z] Checked if tokens are valid: true, expires at: 1750172651927
[debug] [2025-06-17T14:06:14.940Z] Checked if tokens are valid: true, expires at: 1750172651927
[debug] [2025-06-17T14:06:14.940Z] >>> [apiv2][query] GET https://serviceusage.googleapis.com/v1/projects/dataknobs-test/services/cloudresourcemanager.googleapis.com [none]
[debug] [2025-06-17T14:06:14.940Z] >>> [apiv2][(partial)header] GET https://serviceusage.googleapis.com/v1/projects/dataknobs-test/services/cloudresourcemanager.googleapis.com x-goog-quota-user=projects/dataknobs-test
[debug] [2025-06-17T14:06:15.620Z] <<< [apiv2][status] GET https://serviceusage.googleapis.com/v1/projects/dataknobs-test/services/cloudresourcemanager.googleapis.com 200
[debug] [2025-06-17T14:06:15.621Z] <<< [apiv2][body] GET https://serviceusage.googleapis.com/v1/projects/dataknobs-test/services/cloudresourcemanager.googleapis.com [omitted]
[debug] [2025-06-17T14:06:15.621Z] Checked if tokens are valid: true, expires at: 1750172651927
[debug] [2025-06-17T14:06:15.621Z] Checked if tokens are valid: true, expires at: 1750172651927
[debug] [2025-06-17T14:06:15.621Z] >>> [apiv2][query] GET https://cloudresourcemanager.googleapis.com/v1/projects/dataknobs-test [none]
[debug] [2025-06-17T14:06:16.020Z] <<< [apiv2][status] GET https://cloudresourcemanager.googleapis.com/v1/projects/dataknobs-test 200
[debug] [2025-06-17T14:06:16.020Z] <<< [apiv2][body] GET https://cloudresourcemanager.googleapis.com/v1/projects/dataknobs-test {"projectNumber":"230317394473","projectId":"dataknobs-test","lifecycleState":"ACTIVE","name":"Dataknobs-Test","labels":{"firebase":"enabled"},"createTime":"2024-01-19T02:46:51.640737Z","parent":{"type":"organization","id":"27386303585"}}
[info] i  functions: preparing codebase firebase-frameworks-dietitian-next for deployment 
[info] i  functions: ensuring required API cloudfunctions.googleapis.com is enabled... 
[debug] [2025-06-17T14:06:16.022Z] Checked if tokens are valid: true, expires at: 1750172651927
[debug] [2025-06-17T14:06:16.022Z] Checked if tokens are valid: true, expires at: 1750172651927
[debug] [2025-06-17T14:06:16.022Z] Checked if tokens are valid: true, expires at: 1750172651927
[debug] [2025-06-17T14:06:16.022Z] Checked if tokens are valid: true, expires at: 1750172651927
[info] i  functions: ensuring required API cloudbuild.googleapis.com is enabled... 
[debug] [2025-06-17T14:06:16.022Z] Checked if tokens are valid: true, expires at: 1750172651927
[debug] [2025-06-17T14:06:16.022Z] Checked if tokens are valid: true, expires at: 1750172651927
[info] i  artifactregistry: ensuring required API artifactregistry.googleapis.com is enabled... 
[debug] [2025-06-17T14:06:16.022Z] Checked if tokens are valid: true, expires at: 1750172651927
[debug] [2025-06-17T14:06:16.022Z] Checked if tokens are valid: true, expires at: 1750172651927
[debug] [2025-06-17T14:06:16.023Z] >>> [apiv2][query] GET https://serviceusage.googleapis.com/v1/projects/dataknobs-test/services/cloudfunctions.googleapis.com [none]
[debug] [2025-06-17T14:06:16.023Z] >>> [apiv2][(partial)header] GET https://serviceusage.googleapis.com/v1/projects/dataknobs-test/services/cloudfunctions.googleapis.com x-goog-quota-user=projects/dataknobs-test
[debug] [2025-06-17T14:06:16.023Z] >>> [apiv2][query] GET https://serviceusage.googleapis.com/v1/projects/dataknobs-test/services/runtimeconfig.googleapis.com [none]
[debug] [2025-06-17T14:06:16.023Z] >>> [apiv2][(partial)header] GET https://serviceusage.googleapis.com/v1/projects/dataknobs-test/services/runtimeconfig.googleapis.com x-goog-quota-user=projects/dataknobs-test
[debug] [2025-06-17T14:06:16.024Z] >>> [apiv2][query] GET https://serviceusage.googleapis.com/v1/projects/dataknobs-test/services/cloudbuild.googleapis.com [none]
[debug] [2025-06-17T14:06:16.024Z] >>> [apiv2][(partial)header] GET https://serviceusage.googleapis.com/v1/projects/dataknobs-test/services/cloudbuild.googleapis.com x-goog-quota-user=projects/dataknobs-test
[debug] [2025-06-17T14:06:16.025Z] >>> [apiv2][query] GET https://serviceusage.googleapis.com/v1/projects/dataknobs-test/services/artifactregistry.googleapis.com [none]
[debug] [2025-06-17T14:06:16.026Z] >>> [apiv2][(partial)header] GET https://serviceusage.googleapis.com/v1/projects/dataknobs-test/services/artifactregistry.googleapis.com x-goog-quota-user=projects/dataknobs-test
[debug] [2025-06-17T14:06:16.462Z] <<< [apiv2][status] GET https://serviceusage.googleapis.com/v1/projects/dataknobs-test/services/cloudfunctions.googleapis.com 200
[debug] [2025-06-17T14:06:16.462Z] <<< [apiv2][body] GET https://serviceusage.googleapis.com/v1/projects/dataknobs-test/services/cloudfunctions.googleapis.com [omitted]
[info] +  functions: required API cloudfunctions.googleapis.com is enabled 
[debug] [2025-06-17T14:06:17.840Z] <<< [apiv2][status] GET https://serviceusage.googleapis.com/v1/projects/dataknobs-test/services/runtimeconfig.googleapis.com 200
[debug] [2025-06-17T14:06:17.840Z] <<< [apiv2][body] GET https://serviceusage.googleapis.com/v1/projects/dataknobs-test/services/runtimeconfig.googleapis.com [omitted]
[debug] [2025-06-17T14:06:17.855Z] <<< [apiv2][status] GET https://serviceusage.googleapis.com/v1/projects/dataknobs-test/services/cloudbuild.googleapis.com 200
[debug] [2025-06-17T14:06:17.855Z] <<< [apiv2][body] GET https://serviceusage.googleapis.com/v1/projects/dataknobs-test/services/cloudbuild.googleapis.com [omitted]
[info] +  functions: required API cloudbuild.googleapis.com is enabled 
[debug] [2025-06-17T14:06:17.862Z] <<< [apiv2][status] GET https://serviceusage.googleapis.com/v1/projects/dataknobs-test/services/artifactregistry.googleapis.com 200
[debug] [2025-06-17T14:06:17.862Z] <<< [apiv2][body] GET https://serviceusage.googleapis.com/v1/projects/dataknobs-test/services/artifactregistry.googleapis.com [omitted]
[info] +  artifactregistry: required API artifactregistry.googleapis.com is enabled 
[debug] [2025-06-17T14:06:17.862Z] Checked if tokens are valid: true, expires at: 1750172651927
[debug] [2025-06-17T14:06:17.862Z] Checked if tokens are valid: true, expires at: 1750172651927
[debug] [2025-06-17T14:06:17.862Z] >>> [apiv2][query] GET https://firebase.googleapis.com/v1beta1/projects/dataknobs-test/adminSdkConfig [none]
[debug] [2025-06-17T14:06:19.779Z] <<< [apiv2][status] GET https://firebase.googleapis.com/v1beta1/projects/dataknobs-test/adminSdkConfig 200
[debug] [2025-06-17T14:06:19.779Z] <<< [apiv2][body] GET https://firebase.googleapis.com/v1beta1/projects/dataknobs-test/adminSdkConfig {"projectId":"dataknobs-test","storageBucket":"dataknobs-test.firebasestorage.app"}
[debug] [2025-06-17T14:06:19.779Z] Checked if tokens are valid: true, expires at: 1750172651927
[debug] [2025-06-17T14:06:19.779Z] Checked if tokens are valid: true, expires at: 1750172651927
[debug] [2025-06-17T14:06:19.780Z] >>> [apiv2][query] GET https://runtimeconfig.googleapis.com/v1beta1/projects/dataknobs-test/configs [none]
[debug] [2025-06-17T14:06:20.336Z] <<< [apiv2][status] GET https://runtimeconfig.googleapis.com/v1beta1/projects/dataknobs-test/configs 200
[debug] [2025-06-17T14:06:20.336Z] <<< [apiv2][body] GET https://runtimeconfig.googleapis.com/v1beta1/projects/dataknobs-test/configs {}
[debug] [2025-06-17T14:06:20.339Z] Validating nodejs source
[debug] [2025-06-17T14:06:22.247Z] > [functions] package.json contents: {
  "name": "chatbot",
  "version": "0.1.0",
  "private": true,
  "dependencies": {
    "@headlessui/react": "^2.2.4",
    "@heroicons/react": "^2.2.0",
    "axios": "^1.9.0",
    "firebase": "^11.8.1",
    "framer-motion": "^12.12.2",
    "lucide-react": "^0.511.0",
    "next": "15.0.4",
    "react": "^19.0.0",
    "react-dom": "^19.0.0",
    "react-hot-toast": "^2.5.2",
    "react-icons": "^5.5.0",
    "react-markdown": "^10.1.0",
    "firebase-frameworks": "^0.11.0",
    "firebase-functions": "^6.0.1",
    "firebase-admin": "^11.11.1"
  },
  "main": "server.js",
  "engines": {
    "node": "20"
  }
}
[debug] [2025-06-17T14:06:22.247Z] Building nodejs source
[info] i  functions: Loading and analyzing source code for codebase firebase-frameworks-dietitian-next to determine what to deploy 
[debug] [2025-06-17T14:06:22.248Z] Could not find functions.yaml. Must use http discovery
[debug] [2025-06-17T14:06:22.256Z] Found firebase-functions binary at 'D:\DATAKNOBS\cicd-test\.firebase\dietitian-next\functions\node_modules\.bin\firebase-functions'
[info] Serving at port 8787

[debug] [2025-06-17T14:06:27.735Z] Got response from /__/functions.yaml {"endpoints":{"ssrdietitiannext":{"availableMemoryMb":null,"timeoutSeconds":null,"minInstances":null,"maxInstances":null,"ingressSettings":null,"concurrency":null,"serviceAccountEmail":null,"vpc":null,"platform":"gcfv2","region":["us-central1"],"labels":{},"httpsTrigger":{},"entryPoint":"ssrdietitiannext"}},"specVersion":"v1alpha1","requiredAPIs":[],"extensions":{}}
[info] i  extensions: ensuring required API firebaseextensions.googleapis.com is enabled... 
[debug] [2025-06-17T14:06:32.761Z] Checked if tokens are valid: true, expires at: 1750172651927
[debug] [2025-06-17T14:06:32.761Z] Checked if tokens are valid: true, expires at: 1750172651927
[debug] [2025-06-17T14:06:32.762Z] >>> [apiv2][query] GET https://serviceusage.googleapis.com/v1/projects/dataknobs-test/services/firebaseextensions.googleapis.com [none]
[debug] [2025-06-17T14:06:32.762Z] >>> [apiv2][(partial)header] GET https://serviceusage.googleapis.com/v1/projects/dataknobs-test/services/firebaseextensions.googleapis.com x-goog-quota-user=projects/dataknobs-test
[debug] [2025-06-17T14:06:34.416Z] <<< [apiv2][status] GET https://serviceusage.googleapis.com/v1/projects/dataknobs-test/services/firebaseextensions.googleapis.com 200
[debug] [2025-06-17T14:06:34.416Z] <<< [apiv2][body] GET https://serviceusage.googleapis.com/v1/projects/dataknobs-test/services/firebaseextensions.googleapis.com [omitted]
[info] +  extensions: required API firebaseextensions.googleapis.com is enabled 
[debug] [2025-06-17T14:06:34.416Z] > command requires scopes: ["email","openid","https://www.googleapis.com/auth/cloudplatformprojects.readonly","https://www.googleapis.com/auth/firebase","https://www.googleapis.com/auth/cloud-platform"]
[debug] [2025-06-17T14:06:34.417Z] > authorizing via signed-in user (vishnu.dn@dataknobs.com)
[debug] [2025-06-17T14:06:34.417Z] [iam] checking project dataknobs-test for permissions ["firebase.projects.get","firebaseextensions.instances.list"]
[debug] [2025-06-17T14:06:34.417Z] Checked if tokens are valid: true, expires at: 1750172651927
[debug] [2025-06-17T14:06:34.417Z] Checked if tokens are valid: true, expires at: 1750172651927
[debug] [2025-06-17T14:06:34.417Z] >>> [apiv2][query] POST https://cloudresourcemanager.googleapis.com/v1/projects/dataknobs-test:testIamPermissions [none]
[debug] [2025-06-17T14:06:34.417Z] >>> [apiv2][(partial)header] POST https://cloudresourcemanager.googleapis.com/v1/projects/dataknobs-test:testIamPermissions x-goog-quota-user=projects/dataknobs-test
[debug] [2025-06-17T14:06:34.417Z] >>> [apiv2][body] POST https://cloudresourcemanager.googleapis.com/v1/projects/dataknobs-test:testIamPermissions {"permissions":["firebase.projects.get","firebaseextensions.instances.list"]}
[debug] [2025-06-17T14:06:36.118Z] <<< [apiv2][status] POST https://cloudresourcemanager.googleapis.com/v1/projects/dataknobs-test:testIamPermissions 200
[debug] [2025-06-17T14:06:36.118Z] <<< [apiv2][body] POST https://cloudresourcemanager.googleapis.com/v1/projects/dataknobs-test:testIamPermissions {"permissions":["firebase.projects.get","firebaseextensions.instances.list"]}
[debug] [2025-06-17T14:06:36.119Z] Checked if tokens are valid: true, expires at: 1750172651927
[debug] [2025-06-17T14:06:36.119Z] Checked if tokens are valid: true, expires at: 1750172651927
[debug] [2025-06-17T14:06:36.119Z] >>> [apiv2][query] GET https://firebaseextensions.googleapis.com/v1beta/projects/dataknobs-test/instances pageSize=100&pageToken=
[debug] [2025-06-17T14:06:37.813Z] <<< [apiv2][status] GET https://firebaseextensions.googleapis.com/v1beta/projects/dataknobs-test/instances 200
[debug] [2025-06-17T14:06:37.813Z] <<< [apiv2][body] GET https://firebaseextensions.googleapis.com/v1beta/projects/dataknobs-test/instances {}
[info] i  functions: Loaded environment variables from .env. 
[info] i  functions: preparing .firebase\dietitian-next\functions directory for uploading... 
[info] i  functions: packaged D:\DATAKNOBS\cicd-test\.firebase\dietitian-next\functions (138.09 MB) for uploading 
[debug] [2025-06-17T14:06:43.912Z] Checked if tokens are valid: true, expires at: 1750172651927
[debug] [2025-06-17T14:06:43.912Z] Checked if tokens are valid: true, expires at: 1750172651927
[debug] [2025-06-17T14:06:43.912Z] >>> [apiv2][query] GET https://cloudfunctions.googleapis.com/v1/projects/dataknobs-test/locations/-/functions [none]
[debug] [2025-06-17T14:06:45.067Z] <<< [apiv2][status] GET https://cloudfunctions.googleapis.com/v1/projects/dataknobs-test/locations/-/functions 200
[debug] [2025-06-17T14:06:45.067Z] <<< [apiv2][body] GET https://cloudfunctions.googleapis.com/v1/projects/dataknobs-test/locations/-/functions {}
[debug] [2025-06-17T14:06:45.067Z] Checked if tokens are valid: true, expires at: 1750172651927
[debug] [2025-06-17T14:06:45.067Z] Checked if tokens are valid: true, expires at: 1750172651927
[debug] [2025-06-17T14:06:45.068Z] >>> [apiv2][query] GET https://cloudfunctions.googleapis.com/v2/projects/dataknobs-test/locations/-/functions filter=environment%3D%22GEN_2%22
[debug] [2025-06-17T14:06:46.856Z] <<< [apiv2][status] GET https://cloudfunctions.googleapis.com/v2/projects/dataknobs-test/locations/-/functions 200
[debug] [2025-06-17T14:06:46.856Z] <<< [apiv2][body] GET https://cloudfunctions.googleapis.com/v2/projects/dataknobs-test/locations/-/functions {"functions":[{"name":"projects/dataknobs-test/locations/us-central1/functions/ssrdietitiannext","buildConfig":{"build":"projects/230317394473/locations/us-central1/builds/57076585-b106-4f64-b19b-e02db07f9656","runtime":"nodejs20","entryPoint":"ssrdietitiannext","source":{"storageSource":{"bucket":"gcf-v2-sources-230317394473-us-central1","object":"ssrdietitiannext/function-source.zip","generation":"1750093612233051"}},"environmentVariables":{"GOOGLE_NODE_RUN_SCRIPTS":""},"dockerRepository":"projects/dataknobs-test/locations/us-central1/repositories/gcf-artifacts","sourceProvenance":{"resolvedStorageSource":{"bucket":"gcf-v2-sources-230317394473-us-central1","object":"ssrdietitiannext/function-source.zip","generation":"1750093612233051"}},"dockerRegistry":"ARTIFACT_REGISTRY","serviceAccount":"projects/dataknobs-test/serviceAccounts/230317394473-compute@developer.gserviceaccount.com","automaticUpdatePolicy":{}},"serviceConfig":{"service":"projects/dataknobs-test/locations/us-central1/services/ssrdietitiannext","timeoutSeconds":60,"environmentVariables":{"VERCEL_URL":"dataknobs-test.web.app","__FIREBASE_FRAMEWORKS_ENTRY__":"next.js","__FIREBASE_DEFAULTS__":"{\"config\":{\"projectId\":\"dataknobs-test\",\"storageBucket\":\"dataknobs-test.firebasestorage.app\",\"apiKey\":\"AIzaSyCo2lCyMtVHVikIflkEi5Hrfr24wjA-CQc\",\"authDomain\":\"dataknobs-test.firebaseapp.com\",\"messagingSenderId\":\"230317394473\"},\"_authTokenSyncURL\":\"/__session\"}","FIREBASE_CONFIG":"{\"projectId\":\"dataknobs-test\",\"storageBucket\":\"dataknobs-test.firebasestorage.app\"}","GCLOUD_PROJECT":"dataknobs-test","EVENTARC_CLOUD_EVENT_SOURCE":"projects/dataknobs-test/locations/us-central1/services/ssrdietitiannext","FUNCTION_TARGET":"ssrdietitiannext","LOG_EXECUTION_ID":"true"},"maxInstanceCount":100,"ingressSettings":"ALLOW_ALL","uri":"https://ssrdietitiannext-2u2iogggya-uc.a.run.app","serviceAccountEmail":"230317394473-compute@developer.gserviceaccount.com","availableMemory":"256Mi","allTrafficOnLatestRevision":true,"revision":"ssrdietitiannext-00003-qex","maxInstanceRequestConcurrency":80,"availableCpu":"1"},"state":"ACTIVE","updateTime":"2025-06-16T17:09:49.936753854Z","labels":{"firebase-functions-hash":"ba1a1d19c3efb6bb94d9ca4dcf650e0d08e65246","deployment-tool":"cli-firebase","firebase-functions-codebase":"firebase-frameworks-dietitian-next"},"environment":"GEN_2","url":"https://us-central1-dataknobs-test.cloudfunctions.net/ssrdietitiannext","createTime":"2025-06-16T16:24:44.895755966Z","satisfiesPzi":true},{"name":"projects/dataknobs-test/locations/us-central1/functions/ssrstocksassistantdev","buildConfig":{"build":"projects/230317394473/locations/us-central1/builds/49693117-db01-470d-ae90-cb01617250ea","runtime":"nodejs20","entryPoint":"ssrstocksassistantdev","source":{"storageSource":{"bucket":"gcf-v2-sources-230317394473-us-central1","object":"ssrstocksassistantdev/function-source.zip","generation":"1749733506880979"}},"environmentVariables":{"GOOGLE_NODE_RUN_SCRIPTS":""},"dockerRepository":"projects/dataknobs-test/locations/us-central1/repositories/gcf-artifacts","sourceProvenance":{"resolvedStorageSource":{"bucket":"gcf-v2-sources-230317394473-us-central1","object":"ssrstocksassistantdev/function-source.zip","generation":"1749733506880979"}},"dockerRegistry":"ARTIFACT_REGISTRY","serviceAccount":"projects/dataknobs-test/serviceAccounts/230317394473-compute@developer.gserviceaccount.com","automaticUpdatePolicy":{}},"serviceConfig":{"service":"projects/dataknobs-test/locations/us-central1/services/ssrstocksassistantdev","timeoutSeconds":60,"environmentVariables":{"VERCEL_URL":"dataknobs-test.web.app","__FIREBASE_FRAMEWORKS_ENTRY__":"next.js","__FIREBASE_DEFAULTS__":"{\"config\":{\"projectId\":\"dataknobs-test\",\"storageBucket\":\"dataknobs-test.firebasestorage.app\",\"apiKey\":\"AIzaSyCo2lCyMtVHVikIflkEi5Hrfr24wjA-CQc\",\"authDomain\":\"dataknobs-test.firebaseapp.com\",\"messagingSenderId\":\"230317394473\"},\"_authTokenSyncURL\":\"/__session\"}","FIREBASE_CONFIG":"{\"projectId\":\"dataknobs-test\",\"storageBucket\":\"dataknobs-test.firebasestorage.app\"}","GCLOUD_PROJECT":"dataknobs-test","EVENTARC_CLOUD_EVENT_SOURCE":"projects/dataknobs-test/locations/us-central1/services/ssrstocksassistantdev","FUNCTION_TARGET":"ssrstocksassistantdev","LOG_EXECUTION_ID":"true"},"maxInstanceCount":100,"ingressSettings":"ALLOW_ALL","uri":"https://ssrstocksassistantdev-2u2iogggya-uc.a.run.app","serviceAccountEmail":"230317394473-compute@developer.gserviceaccount.com","availableMemory":"256Mi","allTrafficOnLatestRevision":true,"revision":"ssrstocksassistantdev-00020-liv","maxInstanceRequestConcurrency":80,"availableCpu":"1"},"state":"ACTIVE","updateTime":"2025-06-12T13:11:18.206356116Z","labels":{"firebase-functions-codebase":"firebase-frameworks-stocks-assistant-dev","firebase-functions-hash":"5833a599439f69b56f6da1568c45b232e98e0897","deployment-tool":"cli-firebase"},"environment":"GEN_2","url":"https://us-central1-dataknobs-test.cloudfunctions.net/ssrstocksassistantdev","createTime":"2025-02-25T10:19:27.069126934Z","satisfiesPzi":true}]}
[info] i  functions: ensuring required API run.googleapis.com is enabled... 
[debug] [2025-06-17T14:06:46.858Z] Checked if tokens are valid: true, expires at: 1750172651927
[debug] [2025-06-17T14:06:46.858Z] Checked if tokens are valid: true, expires at: 1750172651927
[info] i  functions: ensuring required API eventarc.googleapis.com is enabled... 
[debug] [2025-06-17T14:06:46.859Z] Checked if tokens are valid: true, expires at: 1750172651927
[debug] [2025-06-17T14:06:46.859Z] Checked if tokens are valid: true, expires at: 1750172651927
[info] i  functions: ensuring required API pubsub.googleapis.com is enabled... 
[debug] [2025-06-17T14:06:46.859Z] Checked if tokens are valid: true, expires at: 1750172651927
[debug] [2025-06-17T14:06:46.859Z] Checked if tokens are valid: true, expires at: 1750172651927
[info] i  functions: ensuring required API storage.googleapis.com is enabled... 
[debug] [2025-06-17T14:06:46.859Z] Checked if tokens are valid: true, expires at: 1750172651927
[debug] [2025-06-17T14:06:46.859Z] Checked if tokens are valid: true, expires at: 1750172651927
[debug] [2025-06-17T14:06:46.859Z] >>> [apiv2][query] GET https://serviceusage.googleapis.com/v1/projects/230317394473/services/run.googleapis.com [none]
[debug] [2025-06-17T14:06:46.859Z] >>> [apiv2][(partial)header] GET https://serviceusage.googleapis.com/v1/projects/230317394473/services/run.googleapis.com x-goog-quota-user=projects/230317394473
[debug] [2025-06-17T14:06:46.861Z] >>> [apiv2][query] GET https://serviceusage.googleapis.com/v1/projects/230317394473/services/eventarc.googleapis.com [none]
[debug] [2025-06-17T14:06:46.861Z] >>> [apiv2][(partial)header] GET https://serviceusage.googleapis.com/v1/projects/230317394473/services/eventarc.googleapis.com x-goog-quota-user=projects/230317394473
[debug] [2025-06-17T14:06:46.862Z] >>> [apiv2][query] GET https://serviceusage.googleapis.com/v1/projects/230317394473/services/pubsub.googleapis.com [none]
[debug] [2025-06-17T14:06:46.862Z] >>> [apiv2][(partial)header] GET https://serviceusage.googleapis.com/v1/projects/230317394473/services/pubsub.googleapis.com x-goog-quota-user=projects/230317394473
[debug] [2025-06-17T14:06:46.863Z] >>> [apiv2][query] GET https://serviceusage.googleapis.com/v1/projects/230317394473/services/storage.googleapis.com [none]
[debug] [2025-06-17T14:06:46.863Z] >>> [apiv2][(partial)header] GET https://serviceusage.googleapis.com/v1/projects/230317394473/services/storage.googleapis.com x-goog-quota-user=projects/230317394473
